<?xml version="1.0" encoding="UTF-8"?>
<testng-results ignored="0" total="1" passed="1" failed="0" skipped="0">
  <reporter-output>
  </reporter-output>
  <suite started-at="2023-01-19T11:26:34 CST" name="Default suite" finished-at="2023-01-19T11:27:04 CST" duration-ms="30240">
    <groups>
    </groups>
    <test started-at="2023-01-19T11:26:34 CST" name="Default test" finished-at="2023-01-19T11:27:04 CST" duration-ms="30240">
      <class name="PageTest.monthDropDownTest">
        <test-method signature="monthDropTest()[pri:0, instance:PageTest.monthDropDownTest@12468a38]" started-at="2023-01-19T11:26:34 CST" name="monthDropTest" finished-at="2023-01-19T11:27:04 CST" duration-ms="30210" status="PASS">
          <reporter-output>
          </reporter-output>
        </test-method> <!-- monthDropTest -->
      </class> <!-- PageTest.monthDropDownTest -->
    </test> <!-- Default test -->
  </suite> <!-- Default suite -->
</testng-results>
